mode: set
github.com/vbyazilim/basichttpdebugger/main.go:9.13,10.41 1 0
github.com/vbyazilim/basichttpdebugger/main.go:10.41,12.3 1 0
github.com/vbyazilim/basichttpdebugger/internal/validateutils/validateutils.go:9.48,10.59 1 0
github.com/vbyazilim/basichttpdebugger/internal/validateutils/validateutils.go:10.59,12.3 1 0
github.com/vbyazilim/basichttpdebugger/internal/validateutils/validateutils.go:14.2,14.12 1 0
github.com/vbyazilim/basichttpdebugger/internal/httpserver/httpserver.go:64.37,66.95 2 0
github.com/vbyazilim/basichttpdebugger/internal/httpserver/httpserver.go:66.95,68.3 1 0
github.com/vbyazilim/basichttpdebugger/internal/httpserver/httpserver.go:70.2,70.12 1 0
github.com/vbyazilim/basichttpdebugger/internal/httpserver/httpserver.go:74.36,75.68 1 0
github.com/vbyazilim/basichttpdebugger/internal/httpserver/httpserver.go:75.68,77.3 1 0
github.com/vbyazilim/basichttpdebugger/internal/httpserver/httpserver.go:79.2,79.12 1 0
github.com/vbyazilim/basichttpdebugger/internal/httpserver/httpserver.go:86.41,87.30 1 0
github.com/vbyazilim/basichttpdebugger/internal/httpserver/httpserver.go:87.30,89.3 1 0
github.com/vbyazilim/basichttpdebugger/internal/httpserver/httpserver.go:93.48,94.30 1 0
github.com/vbyazilim/basichttpdebugger/internal/httpserver/httpserver.go:94.30,96.3 1 0
github.com/vbyazilim/basichttpdebugger/internal/httpserver/httpserver.go:100.54,101.30 1 0
github.com/vbyazilim/basichttpdebugger/internal/httpserver/httpserver.go:101.30,103.3 1 0
github.com/vbyazilim/basichttpdebugger/internal/httpserver/httpserver.go:107.49,108.30 1 0
github.com/vbyazilim/basichttpdebugger/internal/httpserver/httpserver.go:108.30,110.3 1 0
github.com/vbyazilim/basichttpdebugger/internal/httpserver/httpserver.go:114.48,115.30 1 0
github.com/vbyazilim/basichttpdebugger/internal/httpserver/httpserver.go:115.30,117.3 1 0
github.com/vbyazilim/basichttpdebugger/internal/httpserver/httpserver.go:121.40,122.30 1 0
github.com/vbyazilim/basichttpdebugger/internal/httpserver/httpserver.go:122.30,125.20 2 0
github.com/vbyazilim/basichttpdebugger/internal/httpserver/httpserver.go:125.20,127.18 2 0
github.com/vbyazilim/basichttpdebugger/internal/httpserver/httpserver.go:127.18,129.5 1 0
github.com/vbyazilim/basichttpdebugger/internal/httpserver/httpserver.go:129.10,131.5 1 0
github.com/vbyazilim/basichttpdebugger/internal/httpserver/httpserver.go:137.38,138.30 1 0
github.com/vbyazilim/basichttpdebugger/internal/httpserver/httpserver.go:138.30,140.3 1 0
github.com/vbyazilim/basichttpdebugger/internal/httpserver/httpserver.go:145.42,146.30 1 0
github.com/vbyazilim/basichttpdebugger/internal/httpserver/httpserver.go:146.30,148.3 1 0
github.com/vbyazilim/basichttpdebugger/internal/httpserver/httpserver.go:152.31,153.30 1 0
github.com/vbyazilim/basichttpdebugger/internal/httpserver/httpserver.go:153.30,155.3 1 0
github.com/vbyazilim/basichttpdebugger/internal/httpserver/httpserver.go:165.51,166.68 1 0
github.com/vbyazilim/basichttpdebugger/internal/httpserver/httpserver.go:166.68,168.3 1 0
github.com/vbyazilim/basichttpdebugger/internal/httpserver/httpserver.go:170.2,170.25 1 0
github.com/vbyazilim/basichttpdebugger/internal/httpserver/httpserver.go:173.42,175.2 1 0
github.com/vbyazilim/basichttpdebugger/internal/httpserver/httpserver.go:177.70,178.54 1 0
github.com/vbyazilim/basichttpdebugger/internal/httpserver/httpserver.go:178.54,205.29 15 0
github.com/vbyazilim/basichttpdebugger/internal/httpserver/httpserver.go:205.29,207.4 1 0
github.com/vbyazilim/basichttpdebugger/internal/httpserver/httpserver.go:208.3,210.34 2 0
github.com/vbyazilim/basichttpdebugger/internal/httpserver/httpserver.go:210.34,212.4 1 0
github.com/vbyazilim/basichttpdebugger/internal/httpserver/httpserver.go:214.3,214.19 1 0
github.com/vbyazilim/basichttpdebugger/internal/httpserver/httpserver.go:215.58,224.18 5 0
github.com/vbyazilim/basichttpdebugger/internal/httpserver/httpserver.go:224.18,231.16 3 0
github.com/vbyazilim/basichttpdebugger/internal/httpserver/httpserver.go:233.4,233.17 1 0
github.com/vbyazilim/basichttpdebugger/internal/httpserver/httpserver.go:233.17,233.39 1 0
github.com/vbyazilim/basichttpdebugger/internal/httpserver/httpserver.go:235.4,235.32 1 0
github.com/vbyazilim/basichttpdebugger/internal/httpserver/httpserver.go:235.32,237.5 1 0
github.com/vbyazilim/basichttpdebugger/internal/httpserver/httpserver.go:238.4,238.36 1 0
github.com/vbyazilim/basichttpdebugger/internal/httpserver/httpserver.go:238.36,240.5 1 0
github.com/vbyazilim/basichttpdebugger/internal/httpserver/httpserver.go:241.4,241.64 1 0
github.com/vbyazilim/basichttpdebugger/internal/httpserver/httpserver.go:241.64,253.5 6 0
github.com/vbyazilim/basichttpdebugger/internal/httpserver/httpserver.go:254.4,257.30 3 0
github.com/vbyazilim/basichttpdebugger/internal/httpserver/httpserver.go:258.28,260.58 2 0
github.com/vbyazilim/basichttpdebugger/internal/httpserver/httpserver.go:260.58,267.17 3 0
github.com/vbyazilim/basichttpdebugger/internal/httpserver/httpserver.go:270.5,271.21 2 0
github.com/vbyazilim/basichttpdebugger/internal/httpserver/httpserver.go:271.21,278.17 3 0
github.com/vbyazilim/basichttpdebugger/internal/httpserver/httpserver.go:281.5,285.7 2 0
github.com/vbyazilim/basichttpdebugger/internal/httpserver/httpserver.go:286.12,291.7 2 0
github.com/vbyazilim/basichttpdebugger/internal/httpserver/httpserver.go:295.3,301.21 2 0
github.com/vbyazilim/basichttpdebugger/internal/httpserver/httpserver.go:306.51,316.30 2 0
github.com/vbyazilim/basichttpdebugger/internal/httpserver/httpserver.go:316.30,318.3 1 0
github.com/vbyazilim/basichttpdebugger/internal/httpserver/httpserver.go:320.2,320.78 1 0
github.com/vbyazilim/basichttpdebugger/internal/httpserver/httpserver.go:320.78,322.3 1 0
github.com/vbyazilim/basichttpdebugger/internal/httpserver/httpserver.go:324.2,324.30 1 0
github.com/vbyazilim/basichttpdebugger/internal/httpserver/httpserver.go:324.30,326.3 1 0
github.com/vbyazilim/basichttpdebugger/internal/httpserver/httpserver.go:328.2,352.18 8 0
github.com/vbyazilim/basichttpdebugger/internal/httpserver/run.go:19.18,40.16 9 0
github.com/vbyazilim/basichttpdebugger/internal/httpserver/run.go:40.16,42.3 1 0
github.com/vbyazilim/basichttpdebugger/internal/httpserver/run.go:43.2,43.15 1 0
github.com/vbyazilim/basichttpdebugger/internal/httpserver/run.go:43.15,45.52 2 0
github.com/vbyazilim/basichttpdebugger/internal/httpserver/run.go:45.52,47.4 1 0
github.com/vbyazilim/basichttpdebugger/internal/httpserver/run.go:50.2,52.12 2 0
github.com/vbyazilim/basichttpdebugger/internal/httpserver/run.go:52.12,58.38 5 0
github.com/vbyazilim/basichttpdebugger/internal/httpserver/run.go:58.38,60.4 1 0
github.com/vbyazilim/basichttpdebugger/internal/httpserver/run.go:62.3,62.16 1 0
github.com/vbyazilim/basichttpdebugger/internal/httpserver/run.go:65.2,65.38 1 0
github.com/vbyazilim/basichttpdebugger/internal/httpserver/run.go:65.38,67.3 1 0
github.com/vbyazilim/basichttpdebugger/internal/httpserver/run.go:69.2,72.12 3 0
github.com/vbyazilim/basichttpdebugger/internal/envutils/envutils.go:11.56,13.15 2 1
github.com/vbyazilim/basichttpdebugger/internal/envutils/envutils.go:13.15,15.3 1 1
github.com/vbyazilim/basichttpdebugger/internal/envutils/envutils.go:17.2,17.30 1 1
github.com/vbyazilim/basichttpdebugger/internal/envutils/envutils.go:18.14,19.32 1 1
github.com/vbyazilim/basichttpdebugger/internal/envutils/envutils.go:19.32,21.4 1 1
github.com/vbyazilim/basichttpdebugger/internal/envutils/envutils.go:22.12,24.17 2 1
github.com/vbyazilim/basichttpdebugger/internal/envutils/envutils.go:24.17,26.4 1 1
github.com/vbyazilim/basichttpdebugger/internal/envutils/envutils.go:28.3,28.35 1 1
github.com/vbyazilim/basichttpdebugger/internal/envutils/envutils.go:28.35,30.4 1 1
github.com/vbyazilim/basichttpdebugger/internal/envutils/envutils.go:33.2,33.17 1 1
