mode: set
github.com/vbyazilim/basichttpdebugger/main.go:9.13,10.41 1 0
github.com/vbyazilim/basichttpdebugger/main.go:10.41,12.3 1 0
github.com/vbyazilim/basichttpdebugger/internal/validateutils/validateutils.go:9.48,10.59 1 0
github.com/vbyazilim/basichttpdebugger/internal/validateutils/validateutils.go:10.59,12.3 1 0
github.com/vbyazilim/basichttpdebugger/internal/validateutils/validateutils.go:14.2,14.12 1 0
github.com/vbyazilim/basichttpdebugger/internal/httpserver/httpserver.go:56.37,58.95 2 0
github.com/vbyazilim/basichttpdebugger/internal/httpserver/httpserver.go:58.95,60.3 1 0
github.com/vbyazilim/basichttpdebugger/internal/httpserver/httpserver.go:62.2,62.12 1 0
github.com/vbyazilim/basichttpdebugger/internal/httpserver/httpserver.go:66.36,67.68 1 0
github.com/vbyazilim/basichttpdebugger/internal/httpserver/httpserver.go:67.68,69.3 1 0
github.com/vbyazilim/basichttpdebugger/internal/httpserver/httpserver.go:71.2,71.12 1 0
github.com/vbyazilim/basichttpdebugger/internal/httpserver/httpserver.go:78.41,79.30 1 0
github.com/vbyazilim/basichttpdebugger/internal/httpserver/httpserver.go:79.30,81.3 1 0
github.com/vbyazilim/basichttpdebugger/internal/httpserver/httpserver.go:85.48,86.30 1 0
github.com/vbyazilim/basichttpdebugger/internal/httpserver/httpserver.go:86.30,88.3 1 0
github.com/vbyazilim/basichttpdebugger/internal/httpserver/httpserver.go:92.54,93.30 1 0
github.com/vbyazilim/basichttpdebugger/internal/httpserver/httpserver.go:93.30,95.3 1 0
github.com/vbyazilim/basichttpdebugger/internal/httpserver/httpserver.go:99.49,100.30 1 0
github.com/vbyazilim/basichttpdebugger/internal/httpserver/httpserver.go:100.30,102.3 1 0
github.com/vbyazilim/basichttpdebugger/internal/httpserver/httpserver.go:106.48,107.30 1 0
github.com/vbyazilim/basichttpdebugger/internal/httpserver/httpserver.go:107.30,109.3 1 0
github.com/vbyazilim/basichttpdebugger/internal/httpserver/httpserver.go:113.40,114.30 1 0
github.com/vbyazilim/basichttpdebugger/internal/httpserver/httpserver.go:114.30,117.20 2 0
github.com/vbyazilim/basichttpdebugger/internal/httpserver/httpserver.go:117.20,119.18 2 0
github.com/vbyazilim/basichttpdebugger/internal/httpserver/httpserver.go:119.18,121.5 1 0
github.com/vbyazilim/basichttpdebugger/internal/httpserver/httpserver.go:121.10,123.5 1 0
github.com/vbyazilim/basichttpdebugger/internal/httpserver/httpserver.go:129.38,130.30 1 0
github.com/vbyazilim/basichttpdebugger/internal/httpserver/httpserver.go:130.30,132.3 1 0
github.com/vbyazilim/basichttpdebugger/internal/httpserver/httpserver.go:137.42,138.30 1 0
github.com/vbyazilim/basichttpdebugger/internal/httpserver/httpserver.go:138.30,140.3 1 0
github.com/vbyazilim/basichttpdebugger/internal/httpserver/httpserver.go:144.31,145.30 1 0
github.com/vbyazilim/basichttpdebugger/internal/httpserver/httpserver.go:145.30,147.3 1 0
github.com/vbyazilim/basichttpdebugger/internal/httpserver/httpserver.go:157.51,158.68 1 0
github.com/vbyazilim/basichttpdebugger/internal/httpserver/httpserver.go:158.68,160.3 1 0
github.com/vbyazilim/basichttpdebugger/internal/httpserver/httpserver.go:162.2,162.25 1 0
github.com/vbyazilim/basichttpdebugger/internal/httpserver/httpserver.go:165.42,167.2 1 0
github.com/vbyazilim/basichttpdebugger/internal/httpserver/httpserver.go:169.70,170.54 1 0
github.com/vbyazilim/basichttpdebugger/internal/httpserver/httpserver.go:170.54,180.3 8 0
github.com/vbyazilim/basichttpdebugger/internal/httpserver/httpserver.go:184.51,194.30 2 0
github.com/vbyazilim/basichttpdebugger/internal/httpserver/httpserver.go:194.30,196.3 1 0
github.com/vbyazilim/basichttpdebugger/internal/httpserver/httpserver.go:198.2,198.78 1 0
github.com/vbyazilim/basichttpdebugger/internal/httpserver/httpserver.go:198.78,200.3 1 0
github.com/vbyazilim/basichttpdebugger/internal/httpserver/httpserver.go:202.2,202.30 1 0
github.com/vbyazilim/basichttpdebugger/internal/httpserver/httpserver.go:202.30,204.3 1 0
github.com/vbyazilim/basichttpdebugger/internal/httpserver/httpserver.go:206.2,230.18 8 0
github.com/vbyazilim/basichttpdebugger/internal/httpserver/run.go:19.18,40.16 9 0
github.com/vbyazilim/basichttpdebugger/internal/httpserver/run.go:40.16,42.3 1 0
github.com/vbyazilim/basichttpdebugger/internal/httpserver/run.go:43.2,43.15 1 0
github.com/vbyazilim/basichttpdebugger/internal/httpserver/run.go:43.15,45.52 2 0
github.com/vbyazilim/basichttpdebugger/internal/httpserver/run.go:45.52,47.4 1 0
github.com/vbyazilim/basichttpdebugger/internal/httpserver/run.go:50.2,52.12 2 0
github.com/vbyazilim/basichttpdebugger/internal/httpserver/run.go:52.12,58.38 5 0
github.com/vbyazilim/basichttpdebugger/internal/httpserver/run.go:58.38,60.4 1 0
github.com/vbyazilim/basichttpdebugger/internal/httpserver/run.go:62.3,62.16 1 0
github.com/vbyazilim/basichttpdebugger/internal/httpserver/run.go:65.2,65.38 1 0
github.com/vbyazilim/basichttpdebugger/internal/httpserver/run.go:65.38,67.3 1 0
github.com/vbyazilim/basichttpdebugger/internal/httpserver/run.go:69.2,72.12 3 0
github.com/vbyazilim/basichttpdebugger/internal/envutils/envutils.go:16.56,18.15 2 1
github.com/vbyazilim/basichttpdebugger/internal/envutils/envutils.go:18.15,20.3 1 1
github.com/vbyazilim/basichttpdebugger/internal/envutils/envutils.go:22.2,22.30 1 1
github.com/vbyazilim/basichttpdebugger/internal/envutils/envutils.go:23.14,25.32 2 1
github.com/vbyazilim/basichttpdebugger/internal/envutils/envutils.go:25.32,27.4 1 1
github.com/vbyazilim/basichttpdebugger/internal/envutils/envutils.go:28.12,31.17 3 1
github.com/vbyazilim/basichttpdebugger/internal/envutils/envutils.go:31.17,33.4 1 1
github.com/vbyazilim/basichttpdebugger/internal/envutils/envutils.go:35.3,35.35 1 1
github.com/vbyazilim/basichttpdebugger/internal/envutils/envutils.go:35.35,37.4 1 1
github.com/vbyazilim/basichttpdebugger/internal/envutils/envutils.go:40.2,40.17 1 1
